<!DOCTYPE html PUBLIC "-//W3C//DTD XHTML 1.1//EN" "https://www.w3.org/TR/xhtml11/DTD/xhtml11.dtd">
<html xmlns="https://www.w3.org/1999/xhtml">
<head>
<meta http-equiv="content-type" content="text/html; charset=UTF-8"/>
<title>TestNG Report</title>
<style type="text/css">table {margin-bottom:10px;border-collapse:collapse;empty-cells:show}th,td {border:1px solid #009;padding:.25em .5em}th {vertical-align:bottom}td {vertical-align:top}table a {font-weight:bold}.stripe td {background-color: #E6EBF9}.num {text-align:right}.passedodd td {background-color: #3F3}.passedeven td {background-color: #0A0}.skippedodd td {background-color: #DDD}.skippedeven td {background-color: #CCC}.failedodd td,.attn {background-color: #F33}.failedeven td,.stripe .attn {background-color: #D00}.stacktrace {white-space:pre;font-family:monospace}.totop {font-size:85%;text-align:center;border-bottom:2px solid #000}.invisible {display:none}</style>
</head>
<body>
<table>
<tr><th>Test</th><th># Passed</th><th># Skipped</th><th># Retried</th><th># Failed</th><th>Time (ms)</th><th>Included Groups</th><th>Excluded Groups</th></tr>
<tr><th colspan="8">Suite</th></tr>
<tr><td><a href="#t0">Test</a></td><td class="num">20</td><td class="num">0</td><td class="num">0</td><td class="num attn">3</td><td class="num">170,178</td><td></td><td></td></tr>
</table>
<table id='summary'><thead><tr><th>Class</th><th>Method</th><th>Start</th><th>Time (ms)</th></tr></thead><tbody><tr><th colspan="4">Suite</th></tr></tbody><tbody id="t0"><tr><th colspan="4">Test &#8212; failed</th></tr><tr class="failedeven"><td rowspan="1">BgTest.CareerPageTest</td><td><a href="#m0">Verify_Forgot_Password</a></td><td rowspan="1">1663065863228</td><td rowspan="1">20188</td></tr><tr class="failedodd"><td rowspan="2">BgTest.PressTest</td><td><a href="#m1">Verify_Blog_Button</a></td><td rowspan="1">1663065772966</td><td rowspan="1">33370</td></tr><tr class="failedodd"><td><a href="#m2">Verify_News_And_Reports_Load_More_Button</a></td><td rowspan="1">1663065772966</td><td rowspan="1">22128</td></tr><tr><th colspan="4">Test &#8212; passed</th></tr><tr class="passedeven"><td rowspan="2">BgTest.AboutUsTest</td><td><a href="#m3">Verify_Leadership_Button</a></td><td rowspan="1">1663065839030</td><td rowspan="1">21248</td></tr><tr class="passedeven"><td><a href="#m4">Verify_Who_We_Are_Button</a></td><td rowspan="1">1663065839692</td><td rowspan="1">23532</td></tr><tr class="passedodd"><td rowspan="5">BgTest.CareerPageTest</td><td><a href="#m5">Verify_Career_Page_SignIn</a></td><td rowspan="1">1663065842206</td><td rowspan="1">45321</td></tr><tr class="passedodd"><td><a href="#m6">Verify_Check_Openings_Button</a></td><td rowspan="1">1663065849185</td><td rowspan="1">33540</td></tr><tr class="passedodd"><td><a href="#m7">Verify_Create_An_Account_In_Career_Page_SignIn</a></td><td rowspan="1">1663065860280</td><td rowspan="1">36019</td></tr><tr class="passedodd"><td><a href="#m8">Verify_Home_Page_Career_Button</a></td><td rowspan="1">1663065868003</td><td rowspan="1">15910</td></tr><tr class="passedodd"><td><a href="#m9">Verify_User_Can_Create_Account</a></td><td rowspan="1">1663065882727</td><td rowspan="1">60360</td></tr><tr class="passedeven"><td rowspan="8">BgTest.HomePageTest</td><td><a href="#m10">Verify_Accelerate_Your_Career_Button</a></td><td rowspan="1">1663065772966</td><td rowspan="1">33749</td></tr><tr class="passedeven"><td><a href="#m11">Verify_Home_Page_Video</a></td><td rowspan="1">1663065795102</td><td rowspan="1">15377</td></tr><tr class="passedeven"><td><a href="#m12">Verify_Invest_In_The_Movement</a></td><td rowspan="1">1663065806341</td><td rowspan="1">33347</td></tr><tr class="passedeven"><td><a href="#m13">Verify_Join_The_Movement</a></td><td rowspan="1">1663065806717</td><td rowspan="1">31017</td></tr><tr class="passedeven"><td><a href="#m14">Verify_Meet_The_Team_Home_Page_Button</a></td><td rowspan="1">1663065807875</td><td rowspan="1">33001</td></tr><tr class="passedeven"><td><a href="#m15">Verify_News_Letter</a></td><td rowspan="1">1663065810480</td><td rowspan="1">31723</td></tr><tr class="passedeven"><td><a href="#m16">Verify_Theory_Of_Change_Download_Button</a></td><td rowspan="1">1663065813695</td><td rowspan="1">25329</td></tr><tr class="passedeven"><td><a href="#m17">Veriify_Home_Page_Logo</a></td><td rowspan="1">1663065837736</td><td rowspan="1">11448</td></tr><tr class="passedodd"><td rowspan="2">BgTest.OurApproachTest</td><td><a href="#m18">Verify_Member_Stories_Button</a></td><td rowspan="1">1663065883418</td><td rowspan="1">36059</td></tr><tr class="passedodd"><td><a href="#m19">Verify_Our_Model_Button</a></td><td rowspan="1">1663065883915</td><td rowspan="1">20089</td></tr><tr class="passedeven"><td rowspan="2">BgTest.PressTest</td><td><a href="#m20">Verify_Blog_View_All_And_Read_More_Button</a></td><td rowspan="1">1663065772967</td><td rowspan="1">40726</td></tr><tr class="passedeven"><td><a href="#m21">Verify_News_And_Reports_Button</a></td><td rowspan="1">1663065772966</td><td rowspan="1">34905</td></tr><tr class="passedodd"><td rowspan="1">BgTest.StaffSignInTest</td><td><a href="#m22">Verify_Staff_SignIn_Button</a></td><td rowspan="1">1663065840878</td><td rowspan="1">27124</td></tr></tbody>
</table>
<h2>Test</h2><h3 id="m0">BgTest.CareerPageTest#Verify_Forgot_Password</h3><table class="result"><tr><th>Exception</th></tr><tr><td><div class="stacktrace">org.openqa.selenium.ElementClickInterceptedException: element click intercepted: Element &lt;a href=&quot;https://babbangona.zohorecruit.com/jobs/Careers&quot; class=&quot;elementor-button-link elementor-button elementor-size-md&quot; role=&quot;button&quot;&gt;...&lt;/a&gt; is not clickable at point (759, 679). Other element would receive the click: &lt;div class=&quot;preloader-plus complete&quot;&gt;...&lt;/div&gt;
  (Session info: chrome=105.0.5195.102)
Build info: version: &apos;4.3.0&apos;, revision: &apos;a4995e2c09*&apos;
System info: host: &apos;ENE&apos;, ip: &apos;192.168.0.161&apos;, os.name: &apos;Windows 11&apos;, os.arch: &apos;amd64&apos;, os.version: &apos;10.0&apos;, java.version: &apos;11.0.14&apos;
Driver info: org.openqa.selenium.chrome.ChromeDriver
Command: [4d0b7e284fa2cacd6879ac035c1a10ba, clickElement {id=ea7632b9-7243-4584-af7a-97479ac3f917}]
Capabilities {acceptInsecureCerts: false, browserName: chrome, browserVersion: 105.0.5195.102, chrome: {chromedriverVersion: 104.0.5112.79 (3cf3e8c8a07d..., userDataDir: C:\Users\bglag\AppData\Loca...}, goog:chromeOptions: {debuggerAddress: localhost:50109}, networkConnectionEnabled: false, pageLoadStrategy: normal, platformName: WINDOWS, proxy: Proxy(), se:cdp: ws://localhost:50109/devtoo..., se:cdpVersion: 105.0.5195.102, setWindowRect: true, strictFileInteractability: false, timeouts: {implicit: 0, pageLoad: 300000, script: 30000}, unhandledPromptBehavior: dismiss and notify, webauthn:extension:credBlob: true, webauthn:extension:largeBlob: true, webauthn:virtualAuthenticators: true}
Element: [[ChromeDriver: chrome on WINDOWS (4d0b7e284fa2cacd6879ac035c1a10ba)] -&gt; xpath: (//a[@role=&apos;button&apos;])[4]]
Session ID: 4d0b7e284fa2cacd6879ac035c1a10ba
	at org.openqa.selenium.remote.codec.w3c.W3CHttpResponseCodec.createException(W3CHttpResponseCodec.java:200)
	at org.openqa.selenium.remote.codec.w3c.W3CHttpResponseCodec.decode(W3CHttpResponseCodec.java:133)
	at org.openqa.selenium.remote.codec.w3c.W3CHttpResponseCodec.decode(W3CHttpResponseCodec.java:53)
	at org.openqa.selenium.remote.HttpCommandExecutor.execute(HttpCommandExecutor.java:184)
	at org.openqa.selenium.remote.service.DriverCommandExecutor.invokeExecute(DriverCommandExecutor.java:167)
	at org.openqa.selenium.remote.service.DriverCommandExecutor.execute(DriverCommandExecutor.java:142)
	at org.openqa.selenium.remote.RemoteWebDriver.execute(RemoteWebDriver.java:569)
	at org.openqa.selenium.remote.RemoteWebElement.execute(RemoteWebElement.java:257)
	at org.openqa.selenium.remote.RemoteWebElement.click(RemoteWebElement.java:78)
	at org.openqa.selenium.support.pagefactory.internal.LocatingElementHandler.invoke(LocatingElementHandler.java:52)
	at com.sun.proxy.$Proxy14.click(Unknown Source)
	at BgPages.Careers.SignIn1(Careers.java:160)
	at BgTest.CareerPageTest.Verify_Forgot_Password(CareerPageTest.java:79)
	at java.base/java.util.concurrent.ThreadPoolExecutor.runWorker(ThreadPoolExecutor.java:1128)
	at java.base/java.util.concurrent.ThreadPoolExecutor$Worker.run(ThreadPoolExecutor.java:628)
	at java.base/java.lang.Thread.run(Thread.java:834)
... Removed 19 stack frames</div></td></tr></table><p class="totop"><a href="#summary">back to summary</a></p>
<h3 id="m1">BgTest.PressTest#Verify_Blog_Button</h3><table class="result"><tr><th>Exception</th></tr><tr><td><div class="stacktrace">org.openqa.selenium.ElementNotInteractableException: element not interactable
  (Session info: chrome=105.0.5195.102)
Build info: version: &apos;4.3.0&apos;, revision: &apos;a4995e2c09*&apos;
System info: host: &apos;ENE&apos;, ip: &apos;192.168.0.161&apos;, os.name: &apos;Windows 11&apos;, os.arch: &apos;amd64&apos;, os.version: &apos;10.0&apos;, java.version: &apos;11.0.14&apos;
Driver info: org.openqa.selenium.chrome.ChromeDriver
Command: [956c4669aa950b60004ee6d9260443a4, clickElement {id=2294da77-6059-45b4-ae36-46bcdab81c36}]
Capabilities {acceptInsecureCerts: false, browserName: chrome, browserVersion: 105.0.5195.102, chrome: {chromedriverVersion: 104.0.5112.79 (3cf3e8c8a07d..., userDataDir: C:\Users\bglag\AppData\Loca...}, goog:chromeOptions: {debuggerAddress: localhost:51680}, networkConnectionEnabled: false, pageLoadStrategy: normal, platformName: WINDOWS, proxy: Proxy(), se:cdp: ws://localhost:51680/devtoo..., se:cdpVersion: 105.0.5195.102, setWindowRect: true, strictFileInteractability: false, timeouts: {implicit: 0, pageLoad: 300000, script: 30000}, unhandledPromptBehavior: dismiss and notify, webauthn:extension:credBlob: true, webauthn:extension:largeBlob: true, webauthn:virtualAuthenticators: true}
Element: [[ChromeDriver: chrome on WINDOWS (956c4669aa950b60004ee6d9260443a4)] -&gt; xpath: (//ul/li/a[text()=&apos;Blog&apos;])[1]]
Session ID: 956c4669aa950b60004ee6d9260443a4
	at org.openqa.selenium.remote.codec.w3c.W3CHttpResponseCodec.createException(W3CHttpResponseCodec.java:200)
	at org.openqa.selenium.remote.codec.w3c.W3CHttpResponseCodec.decode(W3CHttpResponseCodec.java:133)
	at org.openqa.selenium.remote.codec.w3c.W3CHttpResponseCodec.decode(W3CHttpResponseCodec.java:53)
	at org.openqa.selenium.remote.HttpCommandExecutor.execute(HttpCommandExecutor.java:184)
	at org.openqa.selenium.remote.service.DriverCommandExecutor.invokeExecute(DriverCommandExecutor.java:167)
	at org.openqa.selenium.remote.service.DriverCommandExecutor.execute(DriverCommandExecutor.java:142)
	at org.openqa.selenium.remote.RemoteWebDriver.execute(RemoteWebDriver.java:569)
	at org.openqa.selenium.remote.RemoteWebElement.execute(RemoteWebElement.java:257)
	at org.openqa.selenium.remote.RemoteWebElement.click(RemoteWebElement.java:78)
	at BgTest.PressTest.Verify_Blog_Button(PressTest.java:43)
	at java.base/java.util.concurrent.ThreadPoolExecutor.runWorker(ThreadPoolExecutor.java:1128)
	at java.base/java.util.concurrent.ThreadPoolExecutor$Worker.run(ThreadPoolExecutor.java:628)
	at java.base/java.lang.Thread.run(Thread.java:834)
... Removed 16 stack frames</div></td></tr></table><p class="totop"><a href="#summary">back to summary</a></p>
<h3 id="m2">BgTest.PressTest#Verify_News_And_Reports_Load_More_Button</h3><table class="result"><tr><th>Exception</th></tr><tr><td><div class="stacktrace">org.openqa.selenium.ElementNotInteractableException: element not interactable
  (Session info: chrome=105.0.5195.102)
Build info: version: &apos;4.3.0&apos;, revision: &apos;a4995e2c09*&apos;
System info: host: &apos;ENE&apos;, ip: &apos;192.168.0.161&apos;, os.name: &apos;Windows 11&apos;, os.arch: &apos;amd64&apos;, os.version: &apos;10.0&apos;, java.version: &apos;11.0.14&apos;
Driver info: org.openqa.selenium.chrome.ChromeDriver
Command: [1fd202d049c8a65c9c84c583e2f7eeb1, clickElement {id=67f091a3-2939-4f31-b00e-98b322cc32c3}]
Capabilities {acceptInsecureCerts: false, browserName: chrome, browserVersion: 105.0.5195.102, chrome: {chromedriverVersion: 104.0.5112.79 (3cf3e8c8a07d..., userDataDir: C:\Users\bglag\AppData\Loca...}, goog:chromeOptions: {debuggerAddress: localhost:51677}, networkConnectionEnabled: false, pageLoadStrategy: normal, platformName: WINDOWS, proxy: Proxy(), se:cdp: ws://localhost:51677/devtoo..., se:cdpVersion: 105.0.5195.102, setWindowRect: true, strictFileInteractability: false, timeouts: {implicit: 0, pageLoad: 300000, script: 30000}, unhandledPromptBehavior: dismiss and notify, webauthn:extension:credBlob: true, webauthn:extension:largeBlob: true, webauthn:virtualAuthenticators: true}
Element: [[ChromeDriver: chrome on WINDOWS (1fd202d049c8a65c9c84c583e2f7eeb1)] -&gt; xpath: (//ul/li/a[text()=&apos;News and Reports&apos;])[1]]
Session ID: 1fd202d049c8a65c9c84c583e2f7eeb1
	at org.openqa.selenium.remote.codec.w3c.W3CHttpResponseCodec.createException(W3CHttpResponseCodec.java:200)
	at org.openqa.selenium.remote.codec.w3c.W3CHttpResponseCodec.decode(W3CHttpResponseCodec.java:133)
	at org.openqa.selenium.remote.codec.w3c.W3CHttpResponseCodec.decode(W3CHttpResponseCodec.java:53)
	at org.openqa.selenium.remote.HttpCommandExecutor.execute(HttpCommandExecutor.java:184)
	at org.openqa.selenium.remote.service.DriverCommandExecutor.invokeExecute(DriverCommandExecutor.java:167)
	at org.openqa.selenium.remote.service.DriverCommandExecutor.execute(DriverCommandExecutor.java:142)
	at org.openqa.selenium.remote.RemoteWebDriver.execute(RemoteWebDriver.java:569)
	at org.openqa.selenium.remote.RemoteWebElement.execute(RemoteWebElement.java:257)
	at org.openqa.selenium.remote.RemoteWebElement.click(RemoteWebElement.java:78)
	at BgTest.PressTest.Verify_News_And_Reports_Load_More_Button(PressTest.java:62)
	at java.base/java.util.concurrent.ThreadPoolExecutor.runWorker(ThreadPoolExecutor.java:1128)
	at java.base/java.util.concurrent.ThreadPoolExecutor$Worker.run(ThreadPoolExecutor.java:628)
	at java.base/java.lang.Thread.run(Thread.java:834)
... Removed 16 stack frames</div></td></tr></table><p class="totop"><a href="#summary">back to summary</a></p>
<h3 id="m3">BgTest.AboutUsTest#Verify_Leadership_Button</h3><table class="result"><tr><th class="invisible"/></tr></table><p class="totop"><a href="#summary">back to summary</a></p>
<h3 id="m4">BgTest.AboutUsTest#Verify_Who_We_Are_Button</h3><table class="result"><tr><th class="invisible"/></tr></table><p class="totop"><a href="#summary">back to summary</a></p>
<h3 id="m5">BgTest.CareerPageTest#Verify_Career_Page_SignIn</h3><table class="result"><tr><th class="invisible"/></tr></table><p class="totop"><a href="#summary">back to summary</a></p>
<h3 id="m6">BgTest.CareerPageTest#Verify_Check_Openings_Button</h3><table class="result"><tr><th class="invisible"/></tr></table><p class="totop"><a href="#summary">back to summary</a></p>
<h3 id="m7">BgTest.CareerPageTest#Verify_Create_An_Account_In_Career_Page_SignIn</h3><table class="result"><tr><th class="invisible"/></tr></table><p class="totop"><a href="#summary">back to summary</a></p>
<h3 id="m8">BgTest.CareerPageTest#Verify_Home_Page_Career_Button</h3><table class="result"><tr><th class="invisible"/></tr></table><p class="totop"><a href="#summary">back to summary</a></p>
<h3 id="m9">BgTest.CareerPageTest#Verify_User_Can_Create_Account</h3><table class="result"><tr><th class="invisible"/></tr></table><p class="totop"><a href="#summary">back to summary</a></p>
<h3 id="m10">BgTest.HomePageTest#Verify_Accelerate_Your_Career_Button</h3><table class="result"><tr><th class="invisible"/></tr></table><p class="totop"><a href="#summary">back to summary</a></p>
<h3 id="m11">BgTest.HomePageTest#Verify_Home_Page_Video</h3><table class="result"><tr><th class="invisible"/></tr></table><p class="totop"><a href="#summary">back to summary</a></p>
<h3 id="m12">BgTest.HomePageTest#Verify_Invest_In_The_Movement</h3><table class="result"><tr><th class="invisible"/></tr></table><p class="totop"><a href="#summary">back to summary</a></p>
<h3 id="m13">BgTest.HomePageTest#Verify_Join_The_Movement</h3><table class="result"><tr><th class="invisible"/></tr></table><p class="totop"><a href="#summary">back to summary</a></p>
<h3 id="m14">BgTest.HomePageTest#Verify_Meet_The_Team_Home_Page_Button</h3><table class="result"><tr><th class="invisible"/></tr></table><p class="totop"><a href="#summary">back to summary</a></p>
<h3 id="m15">BgTest.HomePageTest#Verify_News_Letter</h3><table class="result"><tr><th class="invisible"/></tr></table><p class="totop"><a href="#summary">back to summary</a></p>
<h3 id="m16">BgTest.HomePageTest#Verify_Theory_Of_Change_Download_Button</h3><table class="result"><tr><th class="invisible"/></tr></table><p class="totop"><a href="#summary">back to summary</a></p>
<h3 id="m17">BgTest.HomePageTest#Veriify_Home_Page_Logo</h3><table class="result"><tr><th class="invisible"/></tr></table><p class="totop"><a href="#summary">back to summary</a></p>
<h3 id="m18">BgTest.OurApproachTest#Verify_Member_Stories_Button</h3><table class="result"><tr><th class="invisible"/></tr></table><p class="totop"><a href="#summary">back to summary</a></p>
<h3 id="m19">BgTest.OurApproachTest#Verify_Our_Model_Button</h3><table class="result"><tr><th class="invisible"/></tr></table><p class="totop"><a href="#summary">back to summary</a></p>
<h3 id="m20">BgTest.PressTest#Verify_Blog_View_All_And_Read_More_Button</h3><table class="result"><tr><th class="invisible"/></tr></table><p class="totop"><a href="#summary">back to summary</a></p>
<h3 id="m21">BgTest.PressTest#Verify_News_And_Reports_Button</h3><table class="result"><tr><th class="invisible"/></tr></table><p class="totop"><a href="#summary">back to summary</a></p>
<h3 id="m22">BgTest.StaffSignInTest#Verify_Staff_SignIn_Button</h3><table class="result"><tr><th class="invisible"/></tr></table><p class="totop"><a href="#summary">back to summary</a></p>
</body>
</html>
